2020-10-27 21:48:19,253 [restartedMain] INFO   c.j.m.MeetingRoomBookingSystemApplication - Starting MeetingRoomBookingSystemApplication on DESKTOP-40A7GOP with PID 10500 (D:\MyProjects\mrbs\sourcecodes\mrbs-backend\target\classes started by jwswe in D:\MyProjects\mrbs\sourcecodes\mrbs-backend)
2020-10-27 21:48:19,252 [background-preinit] INFO   o.h.validator.internal.util.Version - HV000001: Hibernate Validator 6.1.5.Final
2020-10-27 21:48:19,254 [restartedMain] DEBUG  c.j.m.MeetingRoomBookingSystemApplication - Running with Spring Boot v2.3.3.RELEASE, Spring v5.2.8.RELEASE
2020-10-27 21:48:19,255 [restartedMain] INFO   c.j.m.MeetingRoomBookingSystemApplication - No active profile set, falling back to default profiles: default
2020-10-27 21:48:19,287 [restartedMain] INFO   o.s.b.d.e.DevToolsPropertyDefaultsPostProcessor - Devtools property defaults active! Set 'spring.devtools.add-properties' to 'false' to disable
2020-10-27 21:48:19,288 [restartedMain] INFO   o.s.b.d.e.DevToolsPropertyDefaultsPostProcessor - For additional web related logging consider setting the 'logging.level.web' property to 'DEBUG'
2020-10-27 21:48:19,870 [restartedMain] INFO   o.s.d.r.c.RepositoryConfigurationDelegate - Bootstrapping Spring Data JPA repositories in DEFERRED mode.
2020-10-27 21:48:19,952 [restartedMain] INFO   o.s.d.r.c.RepositoryConfigurationDelegate - Finished Spring Data repository scanning in 78ms. Found 7 JPA repository interfaces.
2020-10-27 21:48:20,221 [restartedMain] INFO   o.s.c.s.PostProcessorRegistrationDelegate$BeanPostProcessorChecker - Bean 'org.springframework.security.access.expression.method.DefaultMethodSecurityExpressionHandler@3406a770' of type [org.springframework.security.access.expression.method.DefaultMethodSecurityExpressionHandler] is not eligible for getting processed by all BeanPostProcessors (for example: not eligible for auto-proxying)
2020-10-27 21:48:20,228 [restartedMain] INFO   o.s.c.s.PostProcessorRegistrationDelegate$BeanPostProcessorChecker - Bean 'methodSecurityMetadataSource' of type [org.springframework.security.access.method.DelegatingMethodSecurityMetadataSource] is not eligible for getting processed by all BeanPostProcessors (for example: not eligible for auto-proxying)
2020-10-27 21:48:20,505 [restartedMain] INFO   o.s.b.w.e.tomcat.TomcatWebServer - Tomcat initialized with port(s): 8080 (http)
2020-10-27 21:48:20,511 [restartedMain] INFO   o.a.coyote.http11.Http11NioProtocol - Initializing ProtocolHandler ["http-nio-8080"]
2020-10-27 21:48:20,511 [restartedMain] INFO   o.a.catalina.core.StandardService - Starting service [Tomcat]
2020-10-27 21:48:20,511 [restartedMain] INFO   o.a.catalina.core.StandardEngine - Starting Servlet engine: [Apache Tomcat/9.0.37]
2020-10-27 21:48:20,512 [restartedMain] INFO   o.a.c.core.AprLifecycleListener - Loaded Apache Tomcat Native library [1.2.24] using APR version [1.7.0].
2020-10-27 21:48:20,512 [restartedMain] INFO   o.a.c.core.AprLifecycleListener - APR capabilities: IPv6 [true], sendfile [true], accept filters [false], random [true].
2020-10-27 21:48:20,513 [restartedMain] INFO   o.a.c.core.AprLifecycleListener - APR/OpenSSL configuration: useAprConnector [false], useOpenSSL [true]
2020-10-27 21:48:20,515 [restartedMain] INFO   o.a.c.core.AprLifecycleListener - OpenSSL successfully initialized [OpenSSL 1.1.1g  21 Apr 2020]
2020-10-27 21:48:20,614 [restartedMain] INFO   o.a.c.c.C.[Tomcat].[localhost].[/] - Initializing Spring embedded WebApplicationContext
2020-10-27 21:48:20,614 [restartedMain] INFO   o.s.b.w.s.c.ServletWebServerApplicationContext - Root WebApplicationContext: initialization completed in 1326 ms
2020-10-27 21:48:20,730 [restartedMain] INFO   o.s.s.c.ThreadPoolTaskExecutor - Initializing ExecutorService 'applicationTaskExecutor'
2020-10-27 21:48:20,775 [task-1] INFO   o.h.jpa.internal.util.LogHelper - HHH000204: Processing PersistenceUnitInfo [name: default]
2020-10-27 21:48:20,780 [restartedMain] INFO   o.s.b.f.a.AutowiredAnnotationBeanPostProcessor - Autowired annotation is not supported on static fields: private static org.springframework.context.ApplicationContext com.jiangwensi.mrbs.AppContext.context
2020-10-27 21:48:20,781 [restartedMain] DEBUG  com.jiangwensi.mrbs.AppContext - setApplicationContext is called
2020-10-27 21:48:20,801 [task-1] INFO   org.hibernate.Version - HHH000412: Hibernate ORM core version 5.4.20.Final
2020-10-27 21:48:20,863 [restartedMain] WARN   o.s.b.a.o.j.JpaBaseConfiguration$JpaWebConfiguration - spring.jpa.open-in-view is enabled by default. Therefore, database queries may be performed during view rendering. Explicitly configure spring.jpa.open-in-view to disable this warning
2020-10-27 21:48:20,879 [task-1] INFO   o.h.annotations.common.Version - HCANN000001: Hibernate Commons Annotations {5.1.0.Final}
2020-10-27 21:48:20,939 [task-1] INFO   com.zaxxer.hikari.HikariDataSource - HikariPool-1 - Starting...
2020-10-27 21:48:21,114 [restartedMain] DEBUG  o.s.s.w.a.e.ExpressionBasedFilterInvocationSecurityMetadataSource - Adding web access control expression 'permitAll', for Ant [pattern='/auth/signUp', POST]
2020-10-27 21:48:21,115 [restartedMain] DEBUG  o.s.s.w.a.e.ExpressionBasedFilterInvocationSecurityMetadataSource - Adding web access control expression 'permitAll', for Ant [pattern='/auth/verifyEmail', GET]
2020-10-27 21:48:21,115 [restartedMain] DEBUG  o.s.s.w.a.e.ExpressionBasedFilterInvocationSecurityMetadataSource - Adding web access control expression 'permitAll', for Ant [pattern='/auth/requestResetForgottenPassword', POST]
2020-10-27 21:48:21,115 [restartedMain] DEBUG  o.s.s.w.a.e.ExpressionBasedFilterInvocationSecurityMetadataSource - Adding web access control expression 'permitAll', for Ant [pattern='/auth/resetForgottenPassword', POST]
2020-10-27 21:48:21,115 [restartedMain] DEBUG  o.s.s.w.a.e.ExpressionBasedFilterInvocationSecurityMetadataSource - Adding web access control expression 'permitAll', for Ant [pattern='/auth/resetPassword', POST]
2020-10-27 21:48:21,115 [restartedMain] DEBUG  o.s.s.w.a.e.ExpressionBasedFilterInvocationSecurityMetadataSource - Adding web access control expression 'authenticated', for any request
2020-10-27 21:48:21,119 [restartedMain] DEBUG  o.s.s.w.a.i.FilterSecurityInterceptor - Validated configuration attributes
2020-10-27 21:48:21,119 [restartedMain] DEBUG  o.s.s.w.a.i.FilterSecurityInterceptor - Validated configuration attributes
2020-10-27 21:48:21,122 [restartedMain] INFO   o.s.s.w.DefaultSecurityFilterChain - Creating filter chain: any request, [org.springframework.security.web.context.request.async.WebAsyncManagerIntegrationFilter@30051cb9, org.springframework.security.web.context.SecurityContextPersistenceFilter@5df0fbb6, org.springframework.security.web.header.HeaderWriterFilter@6b513235, org.springframework.web.filter.CorsFilter@587df627, org.springframework.security.web.authentication.logout.LogoutFilter@66cbcc09, com.jiangwensi.mrbs.security.LoginAuthenticationFilter@1e535390, com.jiangwensi.mrbs.security.JwtAuthenticationFilter@c16c6bf, org.springframework.security.web.savedrequest.RequestCacheAwareFilter@579ad21e, org.springframework.security.web.servletapi.SecurityContextHolderAwareRequestFilter@534fdae0, org.springframework.security.web.authentication.AnonymousAuthenticationFilter@14eef350, org.springframework.security.web.session.SessionManagementFilter@36b4ca4f, org.springframework.security.web.access.ExceptionTranslationFilter@478ec5ee, org.springframework.security.web.access.intercept.FilterSecurityInterceptor@4a3af85c]
2020-10-27 21:48:21,131 [restartedMain] DEBUG  o.s.s.a.i.a.MethodSecurityInterceptor - Validated configuration attributes
2020-10-27 21:48:21,535 [restartedMain] INFO   o.s.b.d.a.OptionalLiveReloadServer - LiveReload server is running on port 35729
2020-10-27 21:48:21,548 [restartedMain] DEBUG  o.s.s.c.a.a.c.AuthenticationConfiguration$EnableGlobalAuthenticationAutowiredConfigurer - Eagerly initializing {webSecurityConfigurator=com.jiangwensi.mrbs.security.WebSecurityConfigurator$$EnhancerBySpringCGLIB$$6e76d15f@28685e84}
2020-10-27 21:48:21,556 [restartedMain] INFO   o.a.coyote.http11.Http11NioProtocol - Starting ProtocolHandler ["http-nio-8080"]
2020-10-27 21:48:21,562 [restartedMain] WARN   o.s.b.w.s.c.AnnotationConfigServletWebServerApplicationContext - Exception encountered during context initialization - cancelling refresh attempt: org.springframework.context.ApplicationContextException: Failed to start bean 'webServerStartStop'; nested exception is org.springframework.boot.web.server.PortInUseException: Port 8080 is already in use
2020-10-27 21:48:21,564 [restartedMain] INFO   o.s.o.j.LocalContainerEntityManagerFactoryBean - Closing JPA EntityManagerFactory for persistence unit 'default'
2020-10-27 21:48:21,622 [task-1] INFO   com.zaxxer.hikari.HikariDataSource - HikariPool-1 - Start completed.
2020-10-27 21:48:21,630 [task-1] INFO   org.hibernate.dialect.Dialect - HHH000400: Using dialect: org.hibernate.dialect.MySQL8Dialect
2020-10-27 21:48:23,072 [task-1] INFO   o.h.e.t.j.p.i.JtaPlatformInitiator - HHH000490: Using JtaPlatform implementation: [org.hibernate.engine.transaction.jta.platform.internal.NoJtaPlatform]
2020-10-27 21:48:23,077 [task-1] INFO   o.s.o.j.LocalContainerEntityManagerFactoryBean - Initialized JPA EntityManagerFactory for persistence unit 'default'
2020-10-27 21:48:23,079 [restartedMain] INFO   o.s.s.c.ThreadPoolTaskExecutor - Shutting down ExecutorService 'applicationTaskExecutor'
2020-10-27 21:48:23,080 [restartedMain] INFO   com.zaxxer.hikari.HikariDataSource - HikariPool-1 - Shutdown initiated...
2020-10-27 21:48:23,083 [restartedMain] INFO   com.zaxxer.hikari.HikariDataSource - HikariPool-1 - Shutdown completed.
2020-10-27 21:48:23,085 [restartedMain] INFO   o.a.coyote.http11.Http11NioProtocol - Pausing ProtocolHandler ["http-nio-8080"]
2020-10-27 21:48:23,085 [restartedMain] INFO   o.a.catalina.core.StandardService - Stopping service [Tomcat]
2020-10-27 21:48:23,087 [restartedMain] INFO   o.a.coyote.http11.Http11NioProtocol - Stopping ProtocolHandler ["http-nio-8080"]
2020-10-27 21:48:23,087 [restartedMain] INFO   o.a.coyote.http11.Http11NioProtocol - Destroying ProtocolHandler ["http-nio-8080"]
2020-10-27 21:48:23,092 [restartedMain] INFO   o.s.b.a.l.ConditionEvaluationReportLoggingListener - 

Error starting ApplicationContext. To display the conditions report re-run your application with 'debug' enabled.
2020-10-27 21:48:23,095 [restartedMain] ERROR  o.s.b.d.LoggingFailureAnalysisReporter - 

***************************
APPLICATION FAILED TO START
***************************

Description:

Web server failed to start. Port 8080 was already in use.

Action:

Identify and stop the process that's listening on port 8080 or configure this application to listen on another port.

