2020-10-27 21:51:25,812 [background-preinit] INFO   o.h.validator.internal.util.Version - HV000001: Hibernate Validator 6.1.5.Final
2020-10-27 21:51:25,829 [restartedMain] INFO   c.j.m.MeetingRoomBookingSystemApplication - Starting MeetingRoomBookingSystemApplication on DESKTOP-40A7GOP with PID 10816 (D:\MyProjects\mrbs\sourcecodes\mrbs-backend\target\classes started by jwswe in D:\MyProjects\mrbs\sourcecodes\mrbs-backend)
2020-10-27 21:51:25,829 [restartedMain] DEBUG  c.j.m.MeetingRoomBookingSystemApplication - Running with Spring Boot v2.3.3.RELEASE, Spring v5.2.8.RELEASE
2020-10-27 21:51:25,829 [restartedMain] INFO   c.j.m.MeetingRoomBookingSystemApplication - No active profile set, falling back to default profiles: default
2020-10-27 21:51:25,863 [restartedMain] INFO   o.s.b.d.e.DevToolsPropertyDefaultsPostProcessor - Devtools property defaults active! Set 'spring.devtools.add-properties' to 'false' to disable
2020-10-27 21:51:25,864 [restartedMain] INFO   o.s.b.d.e.DevToolsPropertyDefaultsPostProcessor - For additional web related logging consider setting the 'logging.level.web' property to 'DEBUG'
2020-10-27 21:51:26,385 [restartedMain] INFO   o.s.d.r.c.RepositoryConfigurationDelegate - Bootstrapping Spring Data JPA repositories in DEFERRED mode.
2020-10-27 21:51:26,466 [restartedMain] INFO   o.s.d.r.c.RepositoryConfigurationDelegate - Finished Spring Data repository scanning in 76ms. Found 7 JPA repository interfaces.
2020-10-27 21:51:26,736 [restartedMain] INFO   o.s.c.s.PostProcessorRegistrationDelegate$BeanPostProcessorChecker - Bean 'org.springframework.security.access.expression.method.DefaultMethodSecurityExpressionHandler@7b145cd3' of type [org.springframework.security.access.expression.method.DefaultMethodSecurityExpressionHandler] is not eligible for getting processed by all BeanPostProcessors (for example: not eligible for auto-proxying)
2020-10-27 21:51:26,744 [restartedMain] INFO   o.s.c.s.PostProcessorRegistrationDelegate$BeanPostProcessorChecker - Bean 'methodSecurityMetadataSource' of type [org.springframework.security.access.method.DelegatingMethodSecurityMetadataSource] is not eligible for getting processed by all BeanPostProcessors (for example: not eligible for auto-proxying)
2020-10-27 21:51:27,027 [restartedMain] INFO   o.s.b.w.e.tomcat.TomcatWebServer - Tomcat initialized with port(s): 8080 (http)
2020-10-27 21:51:27,032 [restartedMain] INFO   o.a.coyote.http11.Http11NioProtocol - Initializing ProtocolHandler ["http-nio-8080"]
2020-10-27 21:51:27,033 [restartedMain] INFO   o.a.catalina.core.StandardService - Starting service [Tomcat]
2020-10-27 21:51:27,033 [restartedMain] INFO   o.a.catalina.core.StandardEngine - Starting Servlet engine: [Apache Tomcat/9.0.37]
2020-10-27 21:51:27,034 [restartedMain] INFO   o.a.c.core.AprLifecycleListener - Loaded Apache Tomcat Native library [1.2.24] using APR version [1.7.0].
2020-10-27 21:51:27,034 [restartedMain] INFO   o.a.c.core.AprLifecycleListener - APR capabilities: IPv6 [true], sendfile [true], accept filters [false], random [true].
2020-10-27 21:51:27,034 [restartedMain] INFO   o.a.c.core.AprLifecycleListener - APR/OpenSSL configuration: useAprConnector [false], useOpenSSL [true]
2020-10-27 21:51:27,037 [restartedMain] INFO   o.a.c.core.AprLifecycleListener - OpenSSL successfully initialized [OpenSSL 1.1.1g  21 Apr 2020]
2020-10-27 21:51:27,135 [restartedMain] INFO   o.a.c.c.C.[Tomcat].[localhost].[/] - Initializing Spring embedded WebApplicationContext
2020-10-27 21:51:27,136 [restartedMain] INFO   o.s.b.w.s.c.ServletWebServerApplicationContext - Root WebApplicationContext: initialization completed in 1272 ms
2020-10-27 21:51:27,254 [restartedMain] INFO   o.s.s.c.ThreadPoolTaskExecutor - Initializing ExecutorService 'applicationTaskExecutor'
2020-10-27 21:51:27,298 [task-1] INFO   o.h.jpa.internal.util.LogHelper - HHH000204: Processing PersistenceUnitInfo [name: default]
2020-10-27 21:51:27,303 [restartedMain] INFO   o.s.b.f.a.AutowiredAnnotationBeanPostProcessor - Autowired annotation is not supported on static fields: private static org.springframework.context.ApplicationContext com.jiangwensi.mrbs.AppContext.context
2020-10-27 21:51:27,304 [restartedMain] DEBUG  com.jiangwensi.mrbs.AppContext - setApplicationContext is called
2020-10-27 21:51:27,326 [task-1] INFO   org.hibernate.Version - HHH000412: Hibernate ORM core version 5.4.20.Final
2020-10-27 21:51:27,392 [restartedMain] WARN   o.s.b.a.o.j.JpaBaseConfiguration$JpaWebConfiguration - spring.jpa.open-in-view is enabled by default. Therefore, database queries may be performed during view rendering. Explicitly configure spring.jpa.open-in-view to disable this warning
2020-10-27 21:51:27,412 [task-1] INFO   o.h.annotations.common.Version - HCANN000001: Hibernate Commons Annotations {5.1.0.Final}
2020-10-27 21:51:27,470 [task-1] INFO   com.zaxxer.hikari.HikariDataSource - HikariPool-1 - Starting...
2020-10-27 21:51:27,637 [restartedMain] DEBUG  o.s.s.w.a.e.ExpressionBasedFilterInvocationSecurityMetadataSource - Adding web access control expression 'permitAll', for Ant [pattern='/auth/signUp', POST]
2020-10-27 21:51:27,638 [restartedMain] DEBUG  o.s.s.w.a.e.ExpressionBasedFilterInvocationSecurityMetadataSource - Adding web access control expression 'permitAll', for Ant [pattern='/auth/verifyEmail', GET]
2020-10-27 21:51:27,638 [restartedMain] DEBUG  o.s.s.w.a.e.ExpressionBasedFilterInvocationSecurityMetadataSource - Adding web access control expression 'permitAll', for Ant [pattern='/auth/requestResetForgottenPassword', POST]
2020-10-27 21:51:27,638 [restartedMain] DEBUG  o.s.s.w.a.e.ExpressionBasedFilterInvocationSecurityMetadataSource - Adding web access control expression 'permitAll', for Ant [pattern='/auth/resetForgottenPassword', POST]
2020-10-27 21:51:27,639 [restartedMain] DEBUG  o.s.s.w.a.e.ExpressionBasedFilterInvocationSecurityMetadataSource - Adding web access control expression 'permitAll', for Ant [pattern='/auth/resetPassword', POST]
2020-10-27 21:51:27,639 [restartedMain] DEBUG  o.s.s.w.a.e.ExpressionBasedFilterInvocationSecurityMetadataSource - Adding web access control expression 'authenticated', for any request
2020-10-27 21:51:27,642 [restartedMain] DEBUG  o.s.s.w.a.i.FilterSecurityInterceptor - Validated configuration attributes
2020-10-27 21:51:27,642 [restartedMain] DEBUG  o.s.s.w.a.i.FilterSecurityInterceptor - Validated configuration attributes
2020-10-27 21:51:27,646 [restartedMain] INFO   o.s.s.w.DefaultSecurityFilterChain - Creating filter chain: any request, [org.springframework.security.web.context.request.async.WebAsyncManagerIntegrationFilter@40ae2cd7, org.springframework.security.web.context.SecurityContextPersistenceFilter@17460e79, org.springframework.security.web.header.HeaderWriterFilter@2e0b5369, org.springframework.web.filter.CorsFilter@11fed6ae, org.springframework.security.web.authentication.logout.LogoutFilter@40c33b1c, com.jiangwensi.mrbs.security.LoginAuthenticationFilter@3e0ad0ac, com.jiangwensi.mrbs.security.JwtAuthenticationFilter@7b00d10e, org.springframework.security.web.savedrequest.RequestCacheAwareFilter@4dc0c48d, org.springframework.security.web.servletapi.SecurityContextHolderAwareRequestFilter@207ca451, org.springframework.security.web.authentication.AnonymousAuthenticationFilter@4a79822d, org.springframework.security.web.session.SessionManagementFilter@5c6572a6, org.springframework.security.web.access.ExceptionTranslationFilter@1777cc59, org.springframework.security.web.access.intercept.FilterSecurityInterceptor@602fdf79]
2020-10-27 21:51:27,655 [restartedMain] DEBUG  o.s.s.a.i.a.MethodSecurityInterceptor - Validated configuration attributes
2020-10-27 21:51:28,054 [restartedMain] INFO   o.s.b.d.a.OptionalLiveReloadServer - LiveReload server is running on port 35729
2020-10-27 21:51:28,066 [restartedMain] DEBUG  o.s.s.c.a.a.c.AuthenticationConfiguration$EnableGlobalAuthenticationAutowiredConfigurer - Eagerly initializing {webSecurityConfigurator=com.jiangwensi.mrbs.security.WebSecurityConfigurator$$EnhancerBySpringCGLIB$$8315e3a5@62c3f79}
2020-10-27 21:51:28,073 [restartedMain] INFO   o.a.coyote.http11.Http11NioProtocol - Starting ProtocolHandler ["http-nio-8080"]
2020-10-27 21:51:28,086 [restartedMain] INFO   o.s.b.w.e.tomcat.TomcatWebServer - Tomcat started on port(s): 8080 (http) with context path ''
2020-10-27 21:51:28,088 [restartedMain] INFO   o.s.d.r.c.DeferredRepositoryInitializationListener - Triggering deferred initialization of Spring Data repositories…
2020-10-27 21:51:28,199 [task-1] INFO   com.zaxxer.hikari.HikariDataSource - HikariPool-1 - Start completed.
2020-10-27 21:51:28,207 [task-1] INFO   org.hibernate.dialect.Dialect - HHH000400: Using dialect: org.hibernate.dialect.MySQL8Dialect
2020-10-27 21:51:29,678 [task-1] INFO   o.h.e.t.j.p.i.JtaPlatformInitiator - HHH000490: Using JtaPlatform implementation: [org.hibernate.engine.transaction.jta.platform.internal.NoJtaPlatform]
2020-10-27 21:51:29,682 [task-1] INFO   o.s.o.j.LocalContainerEntityManagerFactoryBean - Initialized JPA EntityManagerFactory for persistence unit 'default'
2020-10-27 21:51:29,971 [restartedMain] INFO   o.s.d.r.c.DeferredRepositoryInitializationListener - Spring Data repositories initialized!
2020-10-27 21:51:29,977 [restartedMain] INFO   c.j.m.MeetingRoomBookingSystemApplication - Started MeetingRoomBookingSystemApplication in 4.375 seconds (JVM running for 5.474)
2020-10-27 21:51:29,979 [restartedMain] DEBUG  c.j.mrbs.InitializeApplicationData - onApplicationEvent is called
