2020-10-27 21:58:09,705 [restartedMain] INFO   c.j.m.MeetingRoomBookingSystemApplication - Starting MeetingRoomBookingSystemApplication on DESKTOP-40A7GOP with PID 10816 (D:\MyProjects\mrbs\sourcecodes\mrbs-backend\target\classes started by jwswe in D:\MyProjects\mrbs\sourcecodes\mrbs-backend)
2020-10-27 21:58:09,705 [restartedMain] DEBUG  c.j.m.MeetingRoomBookingSystemApplication - Running with Spring Boot v2.3.3.RELEASE, Spring v5.2.8.RELEASE
2020-10-27 21:58:09,705 [restartedMain] INFO   c.j.m.MeetingRoomBookingSystemApplication - No active profile set, falling back to default profiles: default
2020-10-27 21:58:09,856 [restartedMain] INFO   o.s.d.r.c.RepositoryConfigurationDelegate - Bootstrapping Spring Data JPA repositories in DEFERRED mode.
2020-10-27 21:58:09,900 [restartedMain] INFO   o.s.d.r.c.RepositoryConfigurationDelegate - Finished Spring Data repository scanning in 43ms. Found 7 JPA repository interfaces.
2020-10-27 21:58:09,942 [restartedMain] INFO   o.s.c.s.PostProcessorRegistrationDelegate$BeanPostProcessorChecker - Bean 'org.springframework.security.access.expression.method.DefaultMethodSecurityExpressionHandler@30b08837' of type [org.springframework.security.access.expression.method.DefaultMethodSecurityExpressionHandler] is not eligible for getting processed by all BeanPostProcessors (for example: not eligible for auto-proxying)
2020-10-27 21:58:09,944 [restartedMain] INFO   o.s.c.s.PostProcessorRegistrationDelegate$BeanPostProcessorChecker - Bean 'methodSecurityMetadataSource' of type [org.springframework.security.access.method.DelegatingMethodSecurityMetadataSource] is not eligible for getting processed by all BeanPostProcessors (for example: not eligible for auto-proxying)
2020-10-27 21:58:10,100 [restartedMain] INFO   o.s.b.w.e.tomcat.TomcatWebServer - Tomcat initialized with port(s): 8080 (http)
2020-10-27 21:58:10,101 [restartedMain] INFO   o.a.catalina.core.StandardService - Starting service [Tomcat]
2020-10-27 21:58:10,101 [restartedMain] INFO   o.a.catalina.core.StandardEngine - Starting Servlet engine: [Apache Tomcat/9.0.37]
2020-10-27 21:58:10,101 [restartedMain] INFO   o.a.c.core.AprLifecycleListener - Loaded Apache Tomcat Native library [1.2.24] using APR version [1.7.0].
2020-10-27 21:58:10,101 [restartedMain] INFO   o.a.c.core.AprLifecycleListener - APR capabilities: IPv6 [true], sendfile [true], accept filters [false], random [true].
2020-10-27 21:58:10,101 [restartedMain] INFO   o.a.c.core.AprLifecycleListener - APR/OpenSSL configuration: useAprConnector [false], useOpenSSL [true]
2020-10-27 21:58:10,101 [restartedMain] INFO   o.a.c.core.AprLifecycleListener - OpenSSL successfully initialized [OpenSSL 1.1.1g  21 Apr 2020]
2020-10-27 21:58:10,134 [restartedMain] INFO   o.a.c.c.C.[.[localhost].[/] - Initializing Spring embedded WebApplicationContext
2020-10-27 21:58:10,134 [restartedMain] INFO   o.s.b.w.s.c.ServletWebServerApplicationContext - Root WebApplicationContext: initialization completed in 427 ms
2020-10-27 21:58:10,191 [restartedMain] INFO   o.s.s.c.ThreadPoolTaskExecutor - Initializing ExecutorService 'applicationTaskExecutor'
2020-10-27 21:58:10,215 [task-1] INFO   o.h.jpa.internal.util.LogHelper - HHH000204: Processing PersistenceUnitInfo [name: default]
2020-10-27 21:58:10,219 [task-1] INFO   com.zaxxer.hikari.HikariDataSource - HikariPool-4 - Starting...
2020-10-27 21:58:10,227 [restartedMain] INFO   o.s.b.f.a.AutowiredAnnotationBeanPostProcessor - Autowired annotation is not supported on static fields: private static org.springframework.context.ApplicationContext com.jiangwensi.mrbs.AppContext.context
2020-10-27 21:58:10,227 [restartedMain] DEBUG  com.jiangwensi.mrbs.AppContext - setApplicationContext is called
2020-10-27 21:58:10,232 [task-1] INFO   com.zaxxer.hikari.HikariDataSource - HikariPool-4 - Start completed.
2020-10-27 21:58:10,232 [task-1] INFO   org.hibernate.dialect.Dialect - HHH000400: Using dialect: org.hibernate.dialect.MySQL8Dialect
2020-10-27 21:58:10,272 [restartedMain] WARN   o.s.b.a.o.j.JpaBaseConfiguration$JpaWebConfiguration - spring.jpa.open-in-view is enabled by default. Therefore, database queries may be performed during view rendering. Explicitly configure spring.jpa.open-in-view to disable this warning
2020-10-27 21:58:10,321 [task-1] INFO   o.h.e.t.j.p.i.JtaPlatformInitiator - HHH000490: Using JtaPlatform implementation: [org.hibernate.engine.transaction.jta.platform.internal.NoJtaPlatform]
2020-10-27 21:58:10,321 [task-1] INFO   o.s.o.j.LocalContainerEntityManagerFactoryBean - Initialized JPA EntityManagerFactory for persistence unit 'default'
2020-10-27 21:58:10,386 [task-2] INFO   o.s.b.d.a.OptionalLiveReloadServer - LiveReload server is running on port 35729
2020-10-27 21:58:10,432 [restartedMain] DEBUG  o.s.s.w.a.e.ExpressionBasedFilterInvocationSecurityMetadataSource - Adding web access control expression 'permitAll', for Ant [pattern='/auth/signUp', POST]
2020-10-27 21:58:10,432 [restartedMain] DEBUG  o.s.s.w.a.e.ExpressionBasedFilterInvocationSecurityMetadataSource - Adding web access control expression 'permitAll', for Ant [pattern='/auth/verifyEmail', GET]
2020-10-27 21:58:10,432 [restartedMain] DEBUG  o.s.s.w.a.e.ExpressionBasedFilterInvocationSecurityMetadataSource - Adding web access control expression 'permitAll', for Ant [pattern='/auth/requestResetForgottenPassword', POST]
2020-10-27 21:58:10,432 [restartedMain] DEBUG  o.s.s.w.a.e.ExpressionBasedFilterInvocationSecurityMetadataSource - Adding web access control expression 'permitAll', for Ant [pattern='/auth/resetForgottenPassword', POST]
2020-10-27 21:58:10,432 [restartedMain] DEBUG  o.s.s.w.a.e.ExpressionBasedFilterInvocationSecurityMetadataSource - Adding web access control expression 'permitAll', for Ant [pattern='/auth/resetPassword', POST]
2020-10-27 21:58:10,432 [restartedMain] DEBUG  o.s.s.w.a.e.ExpressionBasedFilterInvocationSecurityMetadataSource - Adding web access control expression 'authenticated', for any request
2020-10-27 21:58:10,434 [restartedMain] DEBUG  o.s.s.w.a.i.FilterSecurityInterceptor - Validated configuration attributes
2020-10-27 21:58:10,434 [restartedMain] DEBUG  o.s.s.w.a.i.FilterSecurityInterceptor - Validated configuration attributes
2020-10-27 21:58:10,437 [restartedMain] INFO   o.s.s.w.DefaultSecurityFilterChain - Creating filter chain: any request, [org.springframework.security.web.context.request.async.WebAsyncManagerIntegrationFilter@19123460, org.springframework.security.web.context.SecurityContextPersistenceFilter@458d5f89, org.springframework.security.web.header.HeaderWriterFilter@43b91b52, org.springframework.web.filter.CorsFilter@70e46206, org.springframework.security.web.authentication.logout.LogoutFilter@61483965, com.jiangwensi.mrbs.security.LoginAuthenticationFilter@2ea9ca09, com.jiangwensi.mrbs.security.JwtAuthenticationFilter@7229fb8b, org.springframework.security.web.savedrequest.RequestCacheAwareFilter@4bbab57f, org.springframework.security.web.servletapi.SecurityContextHolderAwareRequestFilter@40d244d1, org.springframework.security.web.authentication.AnonymousAuthenticationFilter@7a10609a, org.springframework.security.web.session.SessionManagementFilter@70cfd0b2, org.springframework.security.web.access.ExceptionTranslationFilter@361bb1c, org.springframework.security.web.access.intercept.FilterSecurityInterceptor@10d980af]
2020-10-27 21:58:10,441 [restartedMain] DEBUG  o.s.s.a.i.a.MethodSecurityInterceptor - Validated configuration attributes
2020-10-27 21:58:10,723 [restartedMain] DEBUG  o.s.s.c.a.a.c.AuthenticationConfiguration$EnableGlobalAuthenticationAutowiredConfigurer - Eagerly initializing {webSecurityConfigurator=com.jiangwensi.mrbs.security.WebSecurityConfigurator$$EnhancerBySpringCGLIB$$8315e3a5@5563ae23}
2020-10-27 21:58:10,728 [restartedMain] INFO   o.s.b.w.e.tomcat.TomcatWebServer - Tomcat started on port(s): 8080 (http) with context path ''
2020-10-27 21:58:10,729 [restartedMain] INFO   o.s.d.r.c.DeferredRepositoryInitializationListener - Triggering deferred initialization of Spring Data repositories…
2020-10-27 21:58:10,908 [restartedMain] INFO   o.s.d.r.c.DeferredRepositoryInitializationListener - Spring Data repositories initialized!
2020-10-27 21:58:10,910 [restartedMain] INFO   c.j.m.MeetingRoomBookingSystemApplication - Started MeetingRoomBookingSystemApplication in 1.224 seconds (JVM running for 406.406)
2020-10-27 21:58:10,910 [restartedMain] DEBUG  c.j.mrbs.InitializeApplicationData - onApplicationEvent is called
2020-10-27 21:58:10,922 [restartedMain] INFO   o.s.b.d.a.ConditionEvaluationDeltaLoggingListener - Condition evaluation unchanged
